
> design-systeme@1.0.0 build-storybook
> storybook build --output-dir=C:\Users\Alexis\AppData\Local\Temp\chromatic--23656-zaZucG0IDXZ8

[1m@storybook/core v8.4.7
[22m
info => Cleaning outputDir: [36m..\..\..\..\..\AppData\Local\Temp\chromatic--23656-zaZucG0IDXZ8[39m
info => Loading presets
info => Building manager..
info => Manager built ([38;2;181;126;229m190 ms[39m)
info => Building preview..
[36mvite v6.0.7 [32mbuilding for production...[36m[39m
transforming...
[32m✓[39m 133 modules transformed.
rendering chunks...
computing gzip size...
[2m../../../../../AppData/Local/Temp/chromatic--23656-zaZucG0IDXZ8/[22m[32massets/context-C0qIqeS4.png               [39m[1m[2m  6.12 kB[22m[1m[22m
[2m../../../../../AppData/Local/Temp/chromatic--23656-zaZucG0IDXZ8/[22m[32massets/styling-Bk6zjRzU.png               [39m[1m[2m  7.24 kB[22m[1m[22m
[2m../../../../../AppData/Local/Temp/chromatic--23656-zaZucG0IDXZ8/[22m[32miframe.html                               [39m[1m[2m 16.96 kB[22m[1m[22m[2m │ gzip:   4.48 kB[22m
[2m../../../../../AppData/Local/Temp/chromatic--23656-zaZucG0IDXZ8/[22m[32massets/docs---vsFbMi.png                  [39m[1m[2m 27.88 kB[22m[1m[22m
[2m../../../../../AppData/Local/Temp/chromatic--23656-zaZucG0IDXZ8/[22m[32massets/share-DGA-UcQf.png                 [39m[1m[2m 40.77 kB[22m[1m[22m
[2m../../../../../AppData/Local/Temp/chromatic--23656-zaZucG0IDXZ8/[22m[32massets/accessibility-W_h2acOZ.png         [39m[1m[2m 42.34 kB[22m[1m[22m
[2m../../../../../AppData/Local/Temp/chromatic--23656-zaZucG0IDXZ8/[22m[32massets/figma-plugin-CH2hELiO.png          [39m[1m[2m 44.25 kB[22m[1m[22m
[2m../../../../../AppData/Local/Temp/chromatic--23656-zaZucG0IDXZ8/[22m[32massets/theming-D6WJLNoW.png               [39m[1m[2m 44.37 kB[22m[1m[22m
[2m../../../../../AppData/Local/Temp/chromatic--23656-zaZucG0IDXZ8/[22m[32massets/testing-cbzR9l9r.png               [39m[1m[2m 49.31 kB[22m[1m[22m
[2m../../../../../AppData/Local/Temp/chromatic--23656-zaZucG0IDXZ8/[22m[32massets/addon-library-BWUCAmyN.png         [39m[1m[2m467.37 kB[22m[1m[22m
[2m../../../../../AppData/Local/Temp/chromatic--23656-zaZucG0IDXZ8/[22m[35massets/Header-Ck-SSN7O.css                [39m[1m[2m  0.51 kB[22m[1m[22m[2m │ gzip:   0.30 kB[22m
[2m../../../../../AppData/Local/Temp/chromatic--23656-zaZucG0IDXZ8/[22m[35massets/Button-CGkL19V-.css                [39m[1m[2m  0.52 kB[22m[1m[22m[2m │ gzip:   0.29 kB[22m
[2m../../../../../AppData/Local/Temp/chromatic--23656-zaZucG0IDXZ8/[22m[35massets/Bouton-CPzNpF0i.css                [39m[1m[2m  0.67 kB[22m[1m[22m[2m │ gzip:   0.26 kB[22m
[2m../../../../../AppData/Local/Temp/chromatic--23656-zaZucG0IDXZ8/[22m[35massets/Page-DBaC2xQA.css                  [39m[1m[2m  0.93 kB[22m[1m[22m[2m │ gzip:   0.40 kB[22m
[2m../../../../../AppData/Local/Temp/chromatic--23656-zaZucG0IDXZ8/[22m[35massets/Input-BvIIs-RW.css                 [39m[1m[2m  1.06 kB[22m[1m[22m[2m │ gzip:   0.34 kB[22m
[2m../../../../../AppData/Local/Temp/chromatic--23656-zaZucG0IDXZ8/[22m[36massets/preview-CIRcjyVj.js                [39m[1m[2m  0.11 kB[22m[1m[22m[2m │ gzip:   0.11 kB[22m
[2m../../../../../AppData/Local/Temp/chromatic--23656-zaZucG0IDXZ8/[22m[36massets/preview-BQ81rKEh.js                [39m[1m[2m  0.16 kB[22m[1m[22m[2m │ gzip:   0.16 kB[22m
[2m../../../../../AppData/Local/Temp/chromatic--23656-zaZucG0IDXZ8/[22m[36massets/preview-Zk6Lo_wo.js                [39m[1m[2m  0.17 kB[22m[1m[22m[2m │ gzip:   0.15 kB[22m
[2m../../../../../AppData/Local/Temp/chromatic--23656-zaZucG0IDXZ8/[22m[36massets/index-3LwI-BAG.js                  [39m[1m[2m  0.42 kB[22m[1m[22m[2m │ gzip:   0.27 kB[22m
[2m../../../../../AppData/Local/Temp/chromatic--23656-zaZucG0IDXZ8/[22m[36massets/preview-DGUiP6tS.js                [39m[1m[2m  0.71 kB[22m[1m[22m[2m │ gzip:   0.50 kB[22m
[2m../../../../../AppData/Local/Temp/chromatic--23656-zaZucG0IDXZ8/[22m[36massets/chunk-XP5HYGXS-DH4vAeCa.js         [39m[1m[2m  0.72 kB[22m[1m[22m[2m │ gzip:   0.40 kB[22m
[2m../../../../../AppData/Local/Temp/chromatic--23656-zaZucG0IDXZ8/[22m[36massets/index-ogSvIofg.js                  [39m[1m[2m  0.77 kB[22m[1m[22m[2m │ gzip:   0.47 kB[22m
[2m../../../../../AppData/Local/Temp/chromatic--23656-zaZucG0IDXZ8/[22m[36massets/preview-BQEBXh06.js                [39m[1m[2m  0.79 kB[22m[1m[22m[2m │ gzip:   0.50 kB[22m
[2m../../../../../AppData/Local/Temp/chromatic--23656-zaZucG0IDXZ8/[22m[36massets/Header.stories-B_QXkVgT.js         [39m[1m[2m  0.88 kB[22m[1m[22m[2m │ gzip:   0.46 kB[22m
[2m../../../../../AppData/Local/Temp/chromatic--23656-zaZucG0IDXZ8/[22m[36massets/index-DurN-lQy.js                  [39m[1m[2m  0.93 kB[22m[1m[22m[2m │ gzip:   0.56 kB[22m
[2m../../../../../AppData/Local/Temp/chromatic--23656-zaZucG0IDXZ8/[22m[36massets/DocsRenderer-CFRXHY34-VSuu2BP1.js  [39m[1m[2m  1.32 kB[22m[1m[22m[2m │ gzip:   0.70 kB[22m
[2m../../../../../AppData/Local/Temp/chromatic--23656-zaZucG0IDXZ8/[22m[36massets/Button-D4txEO5Q.js                 [39m[1m[2m  1.41 kB[22m[1m[22m[2m │ gzip:   0.64 kB[22m
[2m../../../../../AppData/Local/Temp/chromatic--23656-zaZucG0IDXZ8/[22m[36massets/Button.stories-ZArPBLcG.js         [39m[1m[2m  1.51 kB[22m[1m[22m[2m │ gzip:   0.57 kB[22m
[2m../../../../../AppData/Local/Temp/chromatic--23656-zaZucG0IDXZ8/[22m[36massets/index-D6WXA5tg.js                  [39m[1m[2m  1.71 kB[22m[1m[22m[2m │ gzip:   0.86 kB[22m
[2m../../../../../AppData/Local/Temp/chromatic--23656-zaZucG0IDXZ8/[22m[36massets/Header-DLzHHaLb.js                 [39m[1m[2m  1.78 kB[22m[1m[22m[2m │ gzip:   0.79 kB[22m
[2m../../../../../AppData/Local/Temp/chromatic--23656-zaZucG0IDXZ8/[22m[36massets/Bouton.stories-BSagLlg3.js         [39m[1m[2m  2.46 kB[22m[1m[22m[2m │ gzip:   0.85 kB[22m
[2m../../../../../AppData/Local/Temp/chromatic--23656-zaZucG0IDXZ8/[22m[36massets/preview-RFMnorYX.js                [39m[1m[2m  3.50 kB[22m[1m[22m[2m │ gzip:   1.69 kB[22m
[2m../../../../../AppData/Local/Temp/chromatic--23656-zaZucG0IDXZ8/[22m[36massets/Page.stories-Bqk8lgMV.js           [39m[1m[2m  3.61 kB[22m[1m[22m[2m │ gzip:   1.52 kB[22m
[2m../../../../../AppData/Local/Temp/chromatic--23656-zaZucG0IDXZ8/[22m[36massets/index-C-aVi5AG.js                  [39m[1m[2m  3.89 kB[22m[1m[22m[2m │ gzip:   1.52 kB[22m
[2m../../../../../AppData/Local/Temp/chromatic--23656-zaZucG0IDXZ8/[22m[36massets/Input.stories-CMVD7nG6.js          [39m[1m[2m  4.22 kB[22m[1m[22m[2m │ gzip:   1.25 kB[22m
[2m../../../../../AppData/Local/Temp/chromatic--23656-zaZucG0IDXZ8/[22m[36massets/iframe-Dp3E0E9g.js                 [39m[1m[2m  4.92 kB[22m[1m[22m[2m │ gzip:   1.97 kB[22m
[2m../../../../../AppData/Local/Temp/chromatic--23656-zaZucG0IDXZ8/[22m[36massets/preview-iUmqt_lp.js                [39m[1m[2m  5.03 kB[22m[1m[22m[2m │ gzip:   1.86 kB[22m
[2m../../../../../AppData/Local/Temp/chromatic--23656-zaZucG0IDXZ8/[22m[36massets/preview-DY_pW_WS.js                [39m[1m[2m  7.62 kB[22m[1m[22m[2m │ gzip:   1.56 kB[22m
[2m../../../../../AppData/Local/Temp/chromatic--23656-zaZucG0IDXZ8/[22m[36massets/index-B-SYruCi.js                  [39m[1m[2m  7.90 kB[22m[1m[22m[2m │ gzip:   3.06 kB[22m
[2m../../../../../AppData/Local/Temp/chromatic--23656-zaZucG0IDXZ8/[22m[36massets/preview-CFgKly6U.js                [39m[1m[2m  8.12 kB[22m[1m[22m[2m │ gzip:   3.10 kB[22m
[2m../../../../../AppData/Local/Temp/chromatic--23656-zaZucG0IDXZ8/[22m[36massets/Configure-CvPvvj0t.js              [39m[1m[2m 25.85 kB[22m[1m[22m[2m │ gzip:  11.01 kB[22m
[2m../../../../../AppData/Local/Temp/chromatic--23656-zaZucG0IDXZ8/[22m[36massets/entry-preview-B88Mgi6j.js          [39m[1m[2m 28.91 kB[22m[1m[22m[2m │ gzip:   9.32 kB[22m
[2m../../../../../AppData/Local/Temp/chromatic--23656-zaZucG0IDXZ8/[22m[36massets/Color-F6OSRLHC-Cb1VGLFN.js         [39m[1m[2m 29.30 kB[22m[1m[22m[2m │ gzip:  11.01 kB[22m
[2m../../../../../AppData/Local/Temp/chromatic--23656-zaZucG0IDXZ8/[22m[36massets/index-NOh9rqHv.js                  [39m[1m[2m 53.74 kB[22m[1m[22m[2m │ gzip:  15.56 kB[22m
[2m../../../../../AppData/Local/Temp/chromatic--23656-zaZucG0IDXZ8/[22m[36massets/react-18-BR5pFJSo.js               [39m[1m[2m173.04 kB[22m[1m[22m[2m │ gzip:  55.09 kB[22m
[2m../../../../../AppData/Local/Temp/chromatic--23656-zaZucG0IDXZ8/[22m[36massets/entry-preview-docs-CSOmho7l.js     [39m[1m[2m256.58 kB[22m[1m[22m[2m │ gzip:  77.30 kB[22m
[2m../../../../../AppData/Local/Temp/chromatic--23656-zaZucG0IDXZ8/[22m[36massets/index-zeKh63HJ.js                  [39m[1m[33m545.37 kB[39m[22m[2m │ gzip: 144.73 kB[22m
[2m../../../../../AppData/Local/Temp/chromatic--23656-zaZucG0IDXZ8/[22m[36massets/index-BGLeNeut.js                  [39m[1m[33m889.15 kB[39m[22m[2m │ gzip: 278.37 kB[22m
[32m✓ built in 3.84s[39m
info => Preview built ([38;2;181;126;229m4.92 s[39m)
info => Output directory: C:\Users\Alexis\AppData\Local\Temp\chromatic--23656-zaZucG0IDXZ8
